app/build/outputs/mapping/debug/seeds.txt
com.miaumigo.app.EditAddressActivity
com.miaumigo.app.EditProfileActivity
com.miaumigo.app.models.Address
com.miaumigo.app.models.Address: java.lang.String state
com.miaumigo.app.models.Address: java.lang.String street
com.miaumigo.app.models.Address: java.lang.String complement
com.miaumigo.app.models.Address: java.lang.String zipCode
com.miaumigo.app.models.Address: boolean isDefault
com.miaumigo.app.models.Address: java.lang.String number
com.miaumigo.app.models.Address: java.lang.String userId
com.miaumigo.app.models.Address: java.lang.String neighborhood
com.miaumigo.app.models.Address: long updatedAt
com.miaumigo.app.models.Address: java.lang.String city
com.miaumigo.app.models.Address: java.lang.String id
com.miaumigo.app.models.Address: void setState(java.lang.String)
com.miaumigo.app.models.Address: java.lang.String getStreet()
com.miaumigo.app.models.Address: java.lang.String getNeighborhood()
com.miaumigo.app.models.Address: void setUserId(java.lang.String)
com.miaumigo.app.EditProfileActivity: EditProfileActivity()
com.miaumigo.app.models.Address: boolean isDefault()
com.miaumigo.app.models.Address: Address()
com.miaumigo.app.models.Address: void setComplement(java.lang.String)
com.miaumigo.app.models.Address: void setNeighborhood(java.lang.String)
com.miaumigo.app.models.Address: void setDefault(boolean)
com.miaumigo.app.models.Address: Address(java.lang.String,java.lang.String,java.lang.String,java.lang.String,java.lang.String,java.lang.String,java.lang.String)
com.miaumigo.app.models.Address: long getUpdatedAt()
com.miaumigo.app.models.Address: java.lang.String getZipCode()
com.miaumigo.app.models.Address: java.lang.String getId()
com.miaumigo.app.models.Address: void setUpdatedAt(long)
com.miaumigo.app.models.Address: void setNumber(java.lang.String)
com.miaumigo.app.models.Address: java.lang.String getUserId()
com.miaumigo.app.models.Address: java.lang.String getNumber()
com.miaumigo.app.models.Address: java.lang.String getComplement()
com.miaumigo.app.models.Address: void setId(java.lang.String)
com.miaumigo.app.models.Address: java.lang.String getCity()
com.miaumigo.app.EditAddressActivity: EditAddressActivity()
com.miaumigo.app.models.Address: void setCity(java.lang.String)
com.miaumigo.app.models.Address: void setZipCode(java.lang.String)
com.miaumigo.app.models.Address: java.lang.String getState()
com.miaumigo.app.models.Address: void setStreet(java.lang.String)
...
androidx.fragment.app.DialogFragment: void onViewStateRestored(android.os.Bundle)
com.google.android.gms.common.internal.GmsClientSupervisor: int getDefaultBindFlags()
com.google.android.gms.common.internal.GmsLogger: void w(java.lang.String,java.lang.String,java.lang.Throwable)
com.google.android.gms.common.api.internal.BasePendingResult: com.google.android.gms.common.api.Result zaa()
com.google.android.gms.measurement.internal.zzgb: android.content.SharedPreferences zzg()
com.google.android.material.button.MaterialButton: void setCornerRadiusResource(int)
com.google.firebase.platforminfo.AutoValue_LibraryVersion: java.lang.String toString()
com.google.firebase.database.connection.PersistentConnectionImpl: void onDisconnect(com.google.firebase.database.connection.Connection$DisconnectReason)
androidx.appcompat.widget.AppCompatRadioButton: void setBackgroundResource(int)
com.google.android.gms.measurement.internal.zzy: com.google.android.gms.internal.measurement.zzfi$zze zza(java.lang.String,com.google.android.gms.internal.measurement.zzfi$zze)
com.google.android.gms.common.stats.StatsEvent: long zzb()
com.google.android.gms.common.api.internal.zaag: com.google.android.gms.common.ConnectionResult getConnectionResult(com.google.android.gms.common.api.Api)
com.google.android.gms.internal.firebase-auth-api.zzun: zzun()
com.google.firebase.database.core.Context: java.lang.String getPlatformVersion()
com.google.android.gms.internal.measurement.zzb: void zza(com.google.android.gms.internal.measurement.zzfp$zzc)
com.google.android.play.core.integrity.ah: ah(java.lang.String,com.google.android.play.integrity.internal.q,android.app.PendingIntent)
com.google.android.gms.internal.measurement.zzcu: void getUserProperties(java.lang.String,java.lang.String,boolean,com.google.android.gms.internal.measurement.zzcv)
androidx.lifecycle.EmptyActivityLifecycleCallbacks: void onActivitySaveInstanceState(android.app.Activity,android.os.Bundle)
com.google.android.gms.common.moduleinstall.ModuleInstallRequest: java.util.concurrent.Executor getListenerExecutor()
com.google.android.gms.measurement.internal.zzbk: <clinit>()
com.google.firebase.auth.zzd: void writeToParcel(android.os.Parcel,int)
com.google.android.recaptcha.internal.zzbb: java.lang.String zzd()
com.google.android.material.internal.TouchObserverFrameLayout: void setOnTouchListener(android.view.View$OnTouchListener)
com.google.android.gms.common.api.internal.zabx: void zaa(android.content.Context)
com.google.android.recaptcha.internal.zzno: void zzH(com.google.android.recaptcha.internal.zzno,com.google.android.recaptcha.internal.zzib)
com.google.firebase.database.core.utilities.ImmutableTree: com.google.firebase.database.core.utilities.ImmutableTree remove(com.google.firebase.database.core.Path)
kotlin.coroutines.jvm.internal.BaseContinuationImpl: kotlin.coroutines.jvm.internal.CoroutineStackFrame getCallerFrame()
com.google.android.material.textfield.MaterialAutoCompleteTextView: void setSimpleItems(int)
com.google.android.recaptcha.internal.zzni: com.google.android.recaptcha.internal.zzni zzj()
com.google.android.gms.common.server.response.FastParser: <clinit>()
com.google.android.gms.measurement.internal.zzl: void run()
com.google.android.gms.measurement.AppMeasurement$zza: AppMeasurement$zza(com.google.android.gms.measurement.zzb)
com.google.android.gms.common.moduleinstall.internal.zay: com.google.android.gms.tasks.Task getInstallModulesIntent(com.google.android.gms.common.api.OptionalModuleApi[])
androidx.lifecycle.EmptyActivityLifecycleCallbacks: void onActivityStopped(android.app.Activity)
com.google.android.gms.internal.measurement.zzcu: void onActivitySaveInstanceState(com.google.android.gms.dynamic.IObjectWrapper,com.google.android.gms.internal.measurement.zzcv,long)
com.google.android.gms.internal.measurement.zzlv: boolean equals(java.lang.Object)