app/build/outputs/mapping/debug/mapping.txt
# compiler: R8
# compiler_version: 8.1.68
# min_api: 24
# common_typos_disable
# {"id":"com.android.tools.r8.mapping","version":"2.2"}
# pg_map_id: b96c8e0
# pg_map_hash: SHA-256 b96c8e01898dc82982f0532a38860ad5fb700e12ec357b49507746c8ff640fda
com.miaumigo.app.EditAddressActivity -> com.miaumigo.app.EditAddressActivity:
# {"id":"sourceFile","fileName":"EditAddressActivity.java"}
    0:0:void $r8$lambda$eFOYu7NKk1IM8SNKnkLDhQULvMg(com.miaumigo.app.EditAddressActivity,android.view.View) -> $r8$lambda$eFOYu7NKk1IM8SNKnkLDhQULvMg
      # {"id":"com.android.tools.r8.synthesized"}
    0:0:void $r8$lambda$uhZoQ8WXra9LVaVraDQEsCHpVT4(com.miaumigo.app.EditAddressActivity,android.view.View) -> $r8$lambda$uhZoQ8WXra9LVaVraDQEsCHpVT4
      # {"id":"com.android.tools.r8.synthesized"}
    32:32:void <init>() -> <init>
    32:32:void access$000(com.miaumigo.app.EditAddressActivity,boolean) -> access$000
    32:32:com.miaumigo.app.models.Address access$100(com.miaumigo.app.EditAddressActivity) -> access$100
    32:32:com.miaumigo.app.models.Address access$102(com.miaumigo.app.EditAddressActivity,com.miaumigo.app.models.Address) -> access$102
    32:32:com.miaumigo.app.models.Address access$200(com.miaumigo.app.EditAddressActivity,java.util.List) -> access$200
    32:32:void access$300(com.miaumigo.app.EditAddressActivity,com.miaumigo.app.models.Address) -> access$300
    32:32:void access$400(com.miaumigo.app.EditAddressActivity,java.lang.String) -> access$400
    32:32:void access$500(com.miaumigo.app.EditAddressActivity) -> access$500
    129:134:com.miaumigo.app.models.Address getDefaultAddress(java.util.List) -> getDefaultAddress
    219:223:void handleAddressSaved() -> handleAddressSaved
com.miaumigo.app.EditAddressActivity$$ExternalSyntheticLambda0 -> com.miaumigo.app.EditAddressActivity$$ExternalSyntheticLambda0:
# {"id":"sourceFile","fileName":"R8$$SyntheticClass"}
# {"id":"com.android.tools.r8.synthesized"}
    com.miaumigo.app.EditAddressActivity com.miaumigo.app.EditAddressActivity$$InternalSyntheticLambda$1$e2bffd4ad4a7405853370030cb0ea3bbbfa856b5742341bf924a856785f4c48f$0.f$0 -> f$0
    0:0:void com.miaumigo.app.EditAddressActivity$$InternalSyntheticLambda$1$e2bffd4ad4a7405853370030cb0ea3bbbfa856b5742341bf924a856785f4c48f$0.<init>(com.miaumigo.app.EditAddressActivity) -> <init>
      # {"id":"com.android.tools.r8.synthesized"}
    0:0:void com.miaumigo.app.EditAddressActivity$$InternalSyntheticLambda$1$e2bffd4ad4a7405853370030cb0ea3bbbfa856b5742341bf924a856785f4c48f$0.onClick(android.view.View) -> onClick
      # {"id":"com.android.tools.r8.synthesized"}
com.miaumigo.app.EditAddressActivity$$ExternalSyntheticLambda1 -> com.miaumigo.app.EditAddressActivity$$ExternalSyntheticLambda1:
# {"id":"sourceFile","fileName":"R8$$SyntheticClass"}
# {"id":"com.android.tools.r8.synthesized"}
    com.miaumigo.app.EditAddressActivity com.miaumigo.app.EditAddressActivity$$InternalSyntheticLambda$1$e2bffd4ad4a7405853370030cb0ea3bbbfa856b5742341bf924a856785f4c48f$1.f$0 -> f$0
    0:0:void com.miaumigo.app.EditAddressActivity$$InternalSyntheticLambda$1$e2bffd4ad4a7405853370030cb0ea3bbbfa856b5742341bf924a856785f4c48f$1.<init>(com.miaumigo.app.EditAddressActivity) -> <init>
      # {"id":"com.android.tools.r8.synthesized"}
    0:0:void com.miaumigo.app.EditAddressActivity$$InternalSyntheticLambda$1$e2bffd4ad4a7405853370030cb0ea3bbbfa856b5742341bf924a856785f4c48f$1.onClick(android.view.View) -> onClick
      # {"id":"com.android.tools.r8.synthesized"}
com.miaumigo.app.EditAddressActivity$1 -> com.miaumigo.app.EditAddressActivity$1:
# {"id":"sourceFile","fileName":"EditAddressActivity.java"}
    100:100:void <init>(com.miaumigo.app.EditAddressActivity) -> <init>
    120:124:void onCancelled(com.google.firebase.database.DatabaseError) -> onCancelled
    103:116:void onDataChange(com.google.firebase.database.DataSnapshot) -> onDataChange
com.miaumigo.app.EditAddressActivity$2 -> com.miaumigo.app.EditAddressActivity$2:
# {"id":"sourceFile","fileName":"EditAddressActivity.java"}
    201:201:void <init>(com.miaumigo.app.EditAddressActivity) -> <init>
    204:214:void onComplete(com.google.android.gms.tasks.Task) -> onComplete
...
com.google.firebase.storage.StorageKt$taskState$1$$ExternalSyntheticLambda2 -> com.google.firebase.storage.StorageKt$taskState$1$$ExternalSyntheticLambda2:
# {"id":"sourceFile","fileName":"R8$$SyntheticClass"}
# {"id":"com.android.tools.r8.synthesized"}
    kotlinx.coroutines.channels.ProducerScope com.google.firebase.storage.StorageKt$taskState$1$$InternalSyntheticLambda$1$6a42fec5fba56f12376d86715f94fba84988369ac98ea3c8c15e541abd61b5a5$1.f$0 -> f$0
    0:0:void com.google.firebase.storage.StorageKt$taskState$1$$InternalSyntheticLambda$1$6a42fec5fba56f12376d86715f94fba84988369ac98ea3c8c15e541abd61b5a5$1.<init>(kotlinx.coroutines.channels.ProducerScope) -> <init>
      # {"id":"com.android.tools.r8.synthesized"}
    0:0:void com.google.firebase.storage.StorageKt$taskState$1$$InternalSyntheticLambda$1$6a42fec5fba56f12376d86715f94fba84988369ac98ea3c8c15e541abd61b5a5$1.onPaused(java.lang.Object) -> onPaused
      # {"id":"com.android.tools.r8.synthesized"}
com.google.firebase.storage.StorageKt$taskState$1$$ExternalSyntheticLambda3 -> com.google.firebase.storage.StorageKt$taskState$1$$ExternalSyntheticLambda3:
# {"id":"sourceFile","fileName":"R8$$SyntheticClass"}
# {"id":"com.android.tools.r8.synthesized"}
    kotlinx.coroutines.channels.ProducerScope com.google.firebase.storage.StorageKt$taskState$1$$InternalSyntheticLambda$1$6a42fec5fba56f12376d86715f94fba84988369ac98ea3c8c15e541abd61b5a5$2.f$0 -> f$0
    0:0:void com.google.firebase.storage.StorageKt$taskState$1$$InternalSyntheticLambda$1$6a42fec5fba56f12376d86715f94fba84988369ac98ea3c8c15e541abd61b5a5$2.<init>(kotlinx.coroutines.channels.ProducerScope) -> <init>
      # {"id":"com.android.tools.r8.synthesized"}
    0:0:void com.google.firebase.storage.StorageKt$taskState$1$$InternalSyntheticLambda$1$6a42fec5fba56f12376d86715f94fba84988369ac98ea3c8c15e541abd61b5a5$2.onComplete(com.google.android.gms.tasks.Task) -> onComplete
      # {"id":"com.android.tools.r8.synthesized"}
com.google.firebase.storage.StorageKt$taskState$1$$ExternalSyntheticLambda4 -> com.google.firebase.storage.StorageKt$taskState$1$$ExternalSyntheticLambda4:
# {"id":"sourceFile","fileName":"R8$$SyntheticClass"}
# {"id":"com.android.tools.r8.synthesized"}
    kotlinx.coroutines.channels.ProducerScope com.google.firebase.storage.StorageKt$taskState$1$$InternalSyntheticLambda$1$ae3be4ca21040a5be54c2eb2dd11a43719198afed0206b13ed101cd7bc968fcd$0.f$0 -> f$0
    com.google.firebase.storage.StorageTask$SnapshotBase com.google.firebase.storage.StorageKt$taskState$1$$InternalSyntheticLambda$1$ae3be4ca21040a5be54c2eb2dd11a43719198afed0206b13ed101cd7bc968fcd$0.f$1 -> f$1
    0:0:void com.google.firebase.storage.StorageKt$taskState$1$$InternalSyntheticLambda$1$ae3be4ca21040a5be54c2eb2dd11a43719198afed0206b13ed101cd7bc968fcd$0.<init>(kotlinx.coroutines.channels.ProducerScope,com.google.firebase.storage.StorageTask$SnapshotBase) -> <init>
      # {"id":"com.android.tools.r8.synthesized"}
    0:0:void com.google.firebase.storage.StorageKt$taskState$1$$InternalSyntheticLambda$1$ae3be4ca21040a5be54c2eb2dd11a43719198afed0206b13ed101cd7bc968fcd$0.run() -> run
      # {"id":"com.android.tools.r8.synthesized"}
com.google.firebase.storage.StorageKt$taskState$1$1 -> com.google.firebase.storage.StorageKt$taskState$1$1:
# {"id":"sourceFile","fileName":"Storage.kt"}
    0:0:void <init>(com.google.firebase.storage.StorageTask,com.google.firebase.storage.OnProgressListener,com.google.firebase.storage.OnPausedListener,com.google.android.gms.tasks.OnCompleteListener) -> <init>
    171:171:java.lang.Object invoke() -> invoke
    172:175:void invoke() -> invoke