app/build/outputs/mapping/debug/usage.txt
com.miaumigo.app.R$color
com.miaumigo.app.R$drawable
com.miaumigo.app.R$id:
    public static int bottom_navigation
    public static int buttonAddToCart
    public static int buttonBack
    public static int buttonCheckout
    public static int buttonClient
    public static int buttonDecrease
    public static int buttonEditAddress
    public static int buttonEditProfile
    public static int buttonIncrease
    public static int buttonLogin
    public static int buttonLogout
    public static int buttonRegister
    public static int buttonRemove
    public static int buttonVendor
    public static int categories_recycler_view
    public static int categories_title
    public static int checkoutSection
    public static int editTextPassword
    public static int fabBack
    public static int featured_products_title
    public static int fragment_container
    public static int imageViewLogo
    public static int imageViewPet
    public static int imageViewPetGender
    public static int imageViewProduct
    public static int navigation_cart
    public static int navigation_home
    public static int navigation_orders
    public static int navigation_products
    public static int navigation_profile
    public static int pet_age
    public static int pet_breed
    public static int pet_image
    public static int pet_location
    public static int pet_name
    public static int recyclerViewCart
    public static int recyclerViewFeaturedProducts
    public static int recyclerViewOrders
    public static int recyclerViewProducts
com.miaumigo.app.R$layout:
    public static int activity_home
    public static int activity_login
    public static int activity_main
    public static int activity_product_detail
    public static int activity_register
    public static int fragment_cart
    public static int fragment_home
    public static int fragment_orders
    public static int fragment_products
    public static int fragment_profile
    public static int item_cart
    public static int item_order
    public static int item_pet
    public static int item_pet_card
    public static int item_product
    private void <init>()
com.miaumigo.app.R$menu
com.miaumigo.app.R$mipmap
com.miaumigo.app.R$string:
    public static int action_back
    public static int action_save
    public static int add_to_cart
    public static int add_to_cart_success
    public static int app_name
    public static int cancel
    public static int cancelled
    public static int cart
    public static int cart_empty
    public static int categories
    public static int checkout
    public static int confirm_password
    public static int default_web_client_id
    public static int delete
    public static int delivered
    public static int description
    public static int edit
    public static int email
    public static int error
    public static int featured_products
    public static int forgot_password
    public static int gcm_defaultSenderId
    public static int google_api_key
    public static int google_app_id
    public static int google_crash_reporting_api_key
    public static int google_storage_bucket
    public static int has_account
    public static int home
    public static int in_stock
    public static int label_city
    public static int label_complement
    public static int label_default_address
    public static int label_email
    public static int label_name
    public static int label_neighborhood
    public static int label_number
    public static int label_phone_optional
    public static int label_state
    public static int label_street
    public static int label_zip_code
    public static int loading
    public static int login
com.miaumigo.app.R$style
com.miaumigo.app.R$xml
com.miaumigo.app.R
com.miaumigo.app.databinding.ActivityEditAddressBinding
com.miaumigo.app.databinding.ActivityEditProfileBinding
com.miaumigo.app.databinding.ActivityHomeBinding
com.miaumigo.app.databinding.ActivityLoginBinding
...
kotlin.jvm.internal.PropertyReference2Impl
kotlin.jvm.internal.PropertyReference:
    public void <init>()
    public void <init>(java.lang.Object)
    protected synthetic bridge kotlin.reflect.KCallable getReflected()
    protected kotlin.reflect.KProperty getReflected()
    public boolean isConst()
    public boolean isLateinit()
kotlin.jvm.internal.Ref$BooleanRef
kotlin.jvm.internal.Ref$ByteRef
kotlin.jvm.internal.Ref$CharRef
kotlin.jvm.internal.Ref$DoubleRef
kotlin.jvm.internal.Ref$FloatRef
kotlin.jvm.internal.Ref$IntRef
kotlin.jvm.internal.Ref$LongRef
kotlin.jvm.internal.Ref$ShortRef
kotlin.jvm.internal.Ref
kotlin.jvm.internal.Reflection:
    static final java.lang.String REFLECTION_NOT_AVAILABLE
    public void <init>()
    public static kotlin.reflect.KClass createKotlinClass(java.lang.Class)
    public static kotlin.reflect.KClass createKotlinClass(java.lang.Class,java.lang.String)
    public static kotlin.reflect.KClass getOrCreateKotlinClass(java.lang.Class,java.lang.String)
    public static kotlin.reflect.KClass[] getOrCreateKotlinClasses(java.lang.Class[])
    public static kotlin.reflect.KDeclarationContainer getOrCreateKotlinPackage(java.lang.Class,java.lang.String)
    public static kotlin.reflect.KType mutableCollectionType(kotlin.reflect.KType)
    public static kotlin.reflect.KMutableProperty0 mutableProperty0(kotlin.jvm.internal.MutablePropertyReference0)
    public static kotlin.reflect.KMutableProperty1 mutableProperty1(kotlin.jvm.internal.MutablePropertyReference1)
    public static kotlin.reflect.KMutableProperty2 mutableProperty2(kotlin.jvm.internal.MutablePropertyReference2)
    public static kotlin.reflect.KType nothingType(kotlin.reflect.KType)
    public static kotlin.reflect.KType nullableTypeOf(java.lang.Class)
    public static kotlin.reflect.KType nullableTypeOf(java.lang.Class,kotlin.reflect.KTypeProjection)
    public static kotlin.reflect.KType nullableTypeOf(java.lang.Class,kotlin.reflect.KTypeProjection,kotlin.reflect.KTypeProjection)
    public static varargs kotlin.reflect.KType nullableTypeOf(java.lang.Class,kotlin.reflect.KTypeProjection[])
kotlin.jvm.internal.ReflectionFactory:
    private static final java.lang.String KOTLIN_JVM_FUNCTIONS
    public kotlin.reflect.KClass createKotlinClass(java.lang.Class)
    public kotlin.reflect.KClass createKotlinClass(java.lang.Class,java.lang.String)
    public kotlin.reflect.KClass getOrCreateKotlinClass(java.lang.Class,java.lang.String)
    public kotlin.reflect.KType mutableCollectionType(kotlin.reflect.KType)
    public kotlin.reflect.KMutableProperty0 mutableProperty0(kotlin.jvm.internal.MutablePropertyReference0)
    public kotlin.reflect.KMutableProperty1 mutableProperty1(kotlin.jvm.internal.MutablePropertyReference1)
    public kotlin.reflect.KMutableProperty2 mutableProperty2(kotlin.jvm.internal.MutablePropertyReference2)
    public kotlin.reflect.KType nothingType(kotlin.reflect.KType)
    public kotlin.reflect.KType platformType(kotlin.reflect.KType,kotlin.reflect.KType)
    public kotlin.reflect.KProperty1 property1(kotlin.jvm.internal.PropertyReference1)
    public kotlin.reflect.KProperty2 property2(kotlin.jvm.internal.PropertyReference2)
    public void setUpperBounds(kotlin.reflect.KTypeParameter,java.util.List)
    public kotlin.reflect.KType typeOf(kotlin.reflect.KClassifier,java.util.List,boolean)
    public kotlin.reflect.KTypeParameter typeParameter(java.lang.Object,java.lang.String,kotlin.reflect.KVariance,boolean)
kotlin.jvm.internal.RepeatableContainer
kotlin.jvm.internal.SerializedIr
kotlin.jvm.internal.ShortCompanionObject
kotlin.jvm.internal.ShortSpreadBuilder
kotlin.jvm.internal.SourceDebugExtension
kotlin.jvm.internal.SpreadBuilder
kotlin.jvm.internal.StringCompanionObject